2022-11-28T23:33:32.442 - [org.alexdev.kepler.Kepler] - Kepler - Habbo Hotel Emulation (max version supported: v26)
2022-11-28T23:33:32.444 - [org.alexdev.kepler.dao.Storage] - Connecting to MySQL server
2022-11-28T23:33:32.456 - [com.zaxxer.hikari.HikariDataSource] - processing - Starting...
2022-11-28T23:33:32.727 - [com.zaxxer.hikari.pool.HikariPool] - processing - Exception during pool initialization.
java.sql.SQLInvalidAuthorizationSpecException: Access denied for user 'kepler'@'localhost' (using password: YES)
	at org.mariadb.jdbc.internal.util.exceptions.ExceptionMapper.get(ExceptionMapper.java:232)
	at org.mariadb.jdbc.internal.util.exceptions.ExceptionMapper.getException(ExceptionMapper.java:165)
	at org.mariadb.jdbc.internal.protocol.AbstractConnectProtocol.connectWithoutProxy(AbstractConnectProtocol.java:1199)
	at org.mariadb.jdbc.internal.util.Utils.retrieveProxy(Utils.java:560)
	at org.mariadb.jdbc.MariaDbConnection.newConnection(MariaDbConnection.java:174)
	at org.mariadb.jdbc.Driver.connect(Driver.java:92)
	at com.zaxxer.hikari.util.DriverDataSource.getConnection(DriverDataSource.java:138)
	at com.zaxxer.hikari.pool.PoolBase.newConnection(PoolBase.java:353)
	at com.zaxxer.hikari.pool.PoolBase.newPoolEntry(PoolBase.java:201)
	at com.zaxxer.hikari.pool.HikariPool.createPoolEntry(HikariPool.java:473)
	at com.zaxxer.hikari.pool.HikariPool.checkFailFast(HikariPool.java:562)
	at com.zaxxer.hikari.pool.HikariPool.<init>(HikariPool.java:115)
	at com.zaxxer.hikari.HikariDataSource.<init>(HikariDataSource.java:81)
	at org.alexdev.kepler.dao.Storage.<init>(Storage.java:51)
	at org.alexdev.kepler.dao.Storage.connect(Storage.java:67)
	at org.alexdev.kepler.Kepler.main(Kepler.java:90)
Caused by: java.sql.SQLException: Access denied for user 'kepler'@'localhost' (using password: YES)
Current charset is UTF-8. If password has been set using other charset, consider using option 'passwordCharacterEncoding'
	at org.mariadb.jdbc.internal.protocol.AbstractConnectProtocol.authentication(AbstractConnectProtocol.java:931)
	at org.mariadb.jdbc.internal.protocol.AbstractConnectProtocol.handleConnectionPhases(AbstractConnectProtocol.java:850)
	at org.mariadb.jdbc.internal.protocol.AbstractConnectProtocol.connect(AbstractConnectProtocol.java:507)
	at org.mariadb.jdbc.internal.protocol.AbstractConnectProtocol.connectWithoutProxy(AbstractConnectProtocol.java:1195)
	... 13 more
2022-11-28T23:33:32.748 - [org.alexdev.kepler.dao.Storage] - Could not connect
